20:52:57 **** Incremental Build of configuration Nios II for project sobel ****
make all 
Info: Building C:/Users/olivi/master/embHard/mse_embHard_phase2/mse_demo/software/sobel_bsp/
C:/intelFPGA_lite/18.1/nios2eds/bin/gnu/H-x86_64-mingw32/bin/make --no-print-directory -C C:/Users/olivi/master/embHard/mse_embHard_phase2/mse_demo/software/sobel_bsp/
[BSP build complete]
Info: Compiling sobel.c to obj/default/sobel.o
nios2-elf-gcc -xc -MP -MMD -c -IC:/Users/olivi/master/embHard/mse_embHard_phase2/mse_demo/software/sobel_bsp//HAL/inc -IC:/Users/olivi/master/embHard/mse_embHard_phase2/mse_demo/software/sobel_bsp/ -IC:/Users/olivi/master/embHard/mse_embHard_phase2/mse_demo/software/sobel_bsp//drivers/inc  -pipe -D__hal__ -DALT_NO_INSTRUCTION_EMULATION -DALT_SINGLE_THREADED    -O0 -g -Wall -O0  -mno-hw-div -mhw-mul -mno-hw-mulx -mgpopt=global  -o obj/default/sobel.o sobel.c
sobel.c: In function 'sobel_mac':
sobel.c:56:10: warning: unused variable 'dx' [-Wunused-variable]
    short dx=-1;
          ^
sobel.c:55:10: warning: unused variable 'dy' [-Wunused-variable]
    short dy=-1;
          ^
sobel.c: In function 'sobel_x':
sobel.c:103:0: warning: ignoring #pragma unroll  [-Wunknown-pragmas]
    #pragma unroll
 ^
sobel.c:105:0: warning: ignoring #pragma unroll  [-Wunknown-pragmas]
       #pragma unroll
 ^
sobel.c: In function 'sobel_x_with_rgb':
sobel.c:153:38: warning: passing argument 4 of 'sobel_mac' from incompatible pointer type [-Wincompatible-pointer-types]
        result = sobel_mac(source,x,y,gx_array,sobel_width);
                                      ^
sobel.c:50:7: note: expected 'const char *' but argument is of type 'const char (*)[3]'
 short sobel_mac( unsigned char *pixels,
       ^
sobel.c: In function 'sobel_y':
sobel.c:167:0: warning: ignoring #pragma unroll  [-Wunknown-pragmas]
    #pragma unroll
 ^
sobel.c:169:0: warning: ignoring #pragma unroll  [-Wunknown-pragmas]
       #pragma unroll
 ^
sobel.c: In function 'sobel_y_with_rgb':
sobel.c:217:38: warning: passing argument 4 of 'sobel_mac' from incompatible pointer type [-Wincompatible-pointer-types]
        result = sobel_mac(source,x,y,gy_array,sobel_width);
                                      ^
sobel.c:50:7: note: expected 'const char *' but argument is of type 'const char (*)[3]'
 short sobel_mac( unsigned char *pixels,
       ^
Info: Linking sobel.elf
nios2-elf-g++  -T'C:/Users/olivi/master/embHard/mse_embHard_phase2/mse_demo/software/sobel_bsp//linker.x' -msys-crt0='C:/Users/olivi/master/embHard/mse_embHard_phase2/mse_demo/software/sobel_bsp//obj/HAL/src/crt0.o' -msys-lib=hal_bsp -LC:/Users/olivi/master/embHard/mse_embHard_phase2/mse_demo/software/sobel_bsp/   -Wl,-Map=sobel.map   -O0 -g -Wall -O0  -mno-hw-div -mhw-mul -mno-hw-mulx -mgpopt=global  -o sobel.elf obj/default/camera.o obj/default/dipswitch.o obj/default/grayscale.o obj/default/i2c.o obj/default/lcd_simple.o obj/default/main.o obj/default/sobel.o obj/default/vga.o -lm -msys-lib=m
nios2-elf-insert sobel.elf --thread_model hal --cpu_name nios2_gen2_0 --qsys true --simulation_enabled false --id 0 --sidp 0x10010d8 --timestamp 1731245602 --stderr_dev jtag_uart --stdin_dev jtag_uart --stdout_dev jtag_uart --sopc_system_name base_system --quartus_project_dir "c:/Users/olivi/master/embHard/mse_embHard_phase2/mse_demo/quartus_project" --jdi C:/Users/olivi/master/embHard/mse_embHard_phase2/mse_demo/quartus_project//output_files/mse_demo.jdi --sopcinfo C:/Users/olivi/master/embHard/mse_embHard_phase2/mse_demo/quartus_project/base_system.sopcinfo
Info: (sobel.elf) 81 KBytes program size (code + initialized data).
Info:             16295 KBytes free for stack + heap.
Info: Creating sobel.objdump
nios2-elf-objdump --disassemble --syms --all-header --source sobel.elf >sobel.objdump
[sobel build complete]
20:53:06 **** Build of configuration Nios II for project sobel ****
make all 
Info: Building C:/Users/olivi/master/embHard/mse_embHard_phase2/mse_demo/software/sobel_bsp/
C:/intelFPGA_lite/18.1/nios2eds/bin/gnu/H-x86_64-mingw32/bin/make --no-print-directory -C C:/Users/olivi/master/embHard/mse_embHard_phase2/mse_demo/software/sobel_bsp/
[BSP build complete]
[sobel build complete]
20:53:08 **** Incremental Build of configuration Nios II for project sobel ****
make all 
Info: Building C:/Users/olivi/master/embHard/mse_embHard_phase2/mse_demo/software/sobel_bsp/
C:/intelFPGA_lite/18.1/nios2eds/bin/gnu/H-x86_64-mingw32/bin/make --no-print-directory -C C:/Users/olivi/master/embHard/mse_embHard_phase2/mse_demo/software/sobel_bsp/
[BSP build complete]
[sobel build complete]
